<?xml version="1.0" encoding="UTF-8"?>
<testng-results ignored="0" total="11" passed="10" failed="1" skipped="0">
  <reporter-output>
  </reporter-output>
  <suite started-at="2024-12-29T11:32:50 IST" name="Suite" finished-at="2024-12-29T11:35:02 IST" duration-ms="132209">
    <groups>
      <group name="regression">
        <method signature="EndtoEndTest.Testorderproduct()[pri:0, instance:com.mystore.testcases.EndtoEndTest@752325ad]" name="Testorderproduct" class="com.mystore.testcases.EndtoEndTest"/>
        <method signature="addtocartTest.checkitemaddedincart()[pri:0, instance:com.mystore.testcases.addtocartTest@b3ca52e]" name="checkitemaddedincart" class="com.mystore.testcases.addtocartTest"/>
        <method signature="priceTest.verifytoalprice()[pri:0, instance:com.mystore.testcases.priceTest@3a52dba3]" name="verifytoalprice" class="com.mystore.testcases.priceTest"/>
      </group> <!-- regression -->
      <group name="smoke">
        <method signature="HomePageTest.verifyOrderHistory()[pri:0, instance:com.mystore.testcases.HomePageTest@279fedbd]" name="verifyOrderHistory" class="com.mystore.testcases.HomePageTest"/>
        <method signature="IndexPageTest.verifyLogo()[pri:0, instance:com.mystore.testcases.IndexPageTest@2a5c8d3f]" name="verifyLogo" class="com.mystore.testcases.IndexPageTest"/>
        <method signature="IndexPageTest.verifyTitle()[pri:0, instance:com.mystore.testcases.IndexPageTest@2a5c8d3f]" name="verifyTitle" class="com.mystore.testcases.IndexPageTest"/>
        <method signature="LoginPageTest.loginTest(java.lang.String,java.lang.String)[pri:0, instance:com.mystore.testcases.LoginPageTest@55fe41ea]" name="loginTest" class="com.mystore.testcases.LoginPageTest"/>
        <method signature="productavailabiltyTest.checkproductavailability()[pri:0, instance:com.mystore.testcases.productavailabiltyTest@2aceadd4]" name="checkproductavailability" class="com.mystore.testcases.productavailabiltyTest"/>
      </group> <!-- smoke -->
      <group name="sanity">
        <method signature="LoginPageTest.loginTest(java.lang.String,java.lang.String)[pri:0, instance:com.mystore.testcases.LoginPageTest@55fe41ea]" name="loginTest" class="com.mystore.testcases.LoginPageTest"/>
        <method signature="accountcreationPageTest.createaccount()[pri:0, instance:com.mystore.testcases.accountcreationPageTest@24aed80c]" name="createaccount" class="com.mystore.testcases.accountcreationPageTest"/>
        <method signature="addtocartTest.checkitemaddedincart()[pri:0, instance:com.mystore.testcases.addtocartTest@b3ca52e]" name="checkitemaddedincart" class="com.mystore.testcases.addtocartTest"/>
      </group> <!-- sanity -->
    </groups>
    <test started-at="2024-12-29T11:32:50 IST" name="Test" finished-at="2024-12-29T11:35:02 IST" duration-ms="132209">
      <class name="com.mystore.testcases.accountcreationPageTest">
        <test-method is-config="true" signature="setup(java.lang.String)[pri:0, instance:com.mystore.testcases.accountcreationPageTest@24aed80c]" started-at="2024-12-29T11:33:36 IST" name="setup" finished-at="2024-12-29T11:33:43 IST" duration-ms="7187" status="PASS">
          <params>
            <param index="0">
              <value>
                <![CDATA[Chrome]]>
              </value>
            </param>
          </params>
          <reporter-output>
          </reporter-output>
        </test-method> <!-- setup -->
        <test-method signature="createaccount()[pri:0, instance:com.mystore.testcases.accountcreationPageTest@24aed80c]" started-at="2024-12-29T11:33:43 IST" name="createaccount" finished-at="2024-12-29T11:33:45 IST" duration-ms="1878" status="PASS">
          <reporter-output>
          </reporter-output>
        </test-method> <!-- createaccount -->
        <test-method is-config="true" signature="teardown()[pri:0, instance:com.mystore.testcases.accountcreationPageTest@24aed80c]" started-at="2024-12-29T11:33:45 IST" name="teardown" finished-at="2024-12-29T11:33:46 IST" duration-ms="759" status="PASS">
          <reporter-output>
          </reporter-output>
        </test-method> <!-- teardown -->
      </class> <!-- com.mystore.testcases.accountcreationPageTest -->
      <class name="com.mystore.testcases.EndtoEndTest">
        <test-method is-config="true" signature="setup(java.lang.String)[pri:0, instance:com.mystore.testcases.EndtoEndTest@752325ad]" started-at="2024-12-29T11:34:15 IST" name="setup" finished-at="2024-12-29T11:34:22 IST" duration-ms="6741" status="PASS">
          <params>
            <param index="0">
              <value>
                <![CDATA[Chrome]]>
              </value>
            </param>
          </params>
          <reporter-output>
          </reporter-output>
        </test-method> <!-- setup -->
        <test-method signature="Testorderproduct()[pri:0, instance:com.mystore.testcases.EndtoEndTest@752325ad]" started-at="2024-12-29T11:34:22 IST" name="Testorderproduct" finished-at="2024-12-29T11:34:39 IST" duration-ms="17229" status="PASS">
          <reporter-output>
          </reporter-output>
        </test-method> <!-- Testorderproduct -->
        <test-method is-config="true" signature="teardown()[pri:0, instance:com.mystore.testcases.EndtoEndTest@752325ad]" started-at="2024-12-29T11:34:39 IST" name="teardown" finished-at="2024-12-29T11:34:40 IST" duration-ms="838" status="PASS">
          <reporter-output>
          </reporter-output>
        </test-method> <!-- teardown -->
      </class> <!-- com.mystore.testcases.EndtoEndTest -->
      <class name="com.mystore.testcases.priceTest">
        <test-method is-config="true" signature="setup(java.lang.String)[pri:0, instance:com.mystore.testcases.priceTest@3a52dba3]" started-at="2024-12-29T11:33:46 IST" name="setup" finished-at="2024-12-29T11:33:53 IST" duration-ms="7057" status="PASS">
          <params>
            <param index="0">
              <value>
                <![CDATA[Chrome]]>
              </value>
            </param>
          </params>
          <reporter-output>
          </reporter-output>
        </test-method> <!-- setup -->
        <test-method signature="verifytoalprice()[pri:0, instance:com.mystore.testcases.priceTest@3a52dba3]" started-at="2024-12-29T11:33:53 IST" name="verifytoalprice" finished-at="2024-12-29T11:33:58 IST" duration-ms="5551" status="PASS">
          <reporter-output>
          </reporter-output>
        </test-method> <!-- verifytoalprice -->
        <test-method is-config="true" signature="teardown()[pri:0, instance:com.mystore.testcases.priceTest@3a52dba3]" started-at="2024-12-29T11:33:58 IST" name="teardown" finished-at="2024-12-29T11:33:59 IST" duration-ms="767" status="PASS">
          <reporter-output>
          </reporter-output>
        </test-method> <!-- teardown -->
      </class> <!-- com.mystore.testcases.priceTest -->
      <class name="com.mystore.testcases.IndexPageTest">
        <test-method is-config="true" signature="setup(java.lang.String)[pri:0, instance:com.mystore.testcases.IndexPageTest@2a5c8d3f]" started-at="2024-12-29T11:33:59 IST" name="setup" finished-at="2024-12-29T11:34:07 IST" duration-ms="7381" status="PASS">
          <params>
            <param index="0">
              <value>
                <![CDATA[Chrome]]>
              </value>
            </param>
          </params>
          <reporter-output>
          </reporter-output>
        </test-method> <!-- setup -->
        <test-method signature="verifyLogo()[pri:0, instance:com.mystore.testcases.IndexPageTest@2a5c8d3f]" started-at="2024-12-29T11:34:07 IST" name="verifyLogo" finished-at="2024-12-29T11:34:07 IST" duration-ms="47" status="PASS">
          <reporter-output>
          </reporter-output>
        </test-method> <!-- verifyLogo -->
        <test-method is-config="true" signature="teardown()[pri:0, instance:com.mystore.testcases.IndexPageTest@2a5c8d3f]" started-at="2024-12-29T11:34:07 IST" name="teardown" finished-at="2024-12-29T11:34:07 IST" duration-ms="623" status="PASS">
          <reporter-output>
          </reporter-output>
        </test-method> <!-- teardown -->
        <test-method is-config="true" signature="setup(java.lang.String)[pri:0, instance:com.mystore.testcases.IndexPageTest@2a5c8d3f]" started-at="2024-12-29T11:34:07 IST" name="setup" finished-at="2024-12-29T11:34:14 IST" duration-ms="7291" status="PASS">
          <params>
            <param index="0">
              <value>
                <![CDATA[Chrome]]>
              </value>
            </param>
          </params>
          <reporter-output>
          </reporter-output>
        </test-method> <!-- setup -->
        <test-method signature="verifyTitle()[pri:0, instance:com.mystore.testcases.IndexPageTest@2a5c8d3f]" started-at="2024-12-29T11:34:14 IST" name="verifyTitle" finished-at="2024-12-29T11:34:14 IST" duration-ms="9" status="PASS">
          <reporter-output>
          </reporter-output>
        </test-method> <!-- verifyTitle -->
        <test-method is-config="true" signature="teardown()[pri:0, instance:com.mystore.testcases.IndexPageTest@2a5c8d3f]" started-at="2024-12-29T11:34:14 IST" name="teardown" finished-at="2024-12-29T11:34:15 IST" duration-ms="676" status="PASS">
          <reporter-output>
          </reporter-output>
        </test-method> <!-- teardown -->
      </class> <!-- com.mystore.testcases.IndexPageTest -->
      <class name="com.mystore.testcases.productavailabiltyTest">
        <test-method is-config="true" signature="setup(java.lang.String)[pri:0, instance:com.mystore.testcases.productavailabiltyTest@2aceadd4]" started-at="2024-12-29T11:33:26 IST" name="setup" finished-at="2024-12-29T11:33:33 IST" duration-ms="7040" status="PASS">
          <params>
            <param index="0">
              <value>
                <![CDATA[Chrome]]>
              </value>
            </param>
          </params>
          <reporter-output>
          </reporter-output>
        </test-method> <!-- setup -->
        <test-method signature="checkproductavailability()[pri:0, instance:com.mystore.testcases.productavailabiltyTest@2aceadd4]" started-at="2024-12-29T11:33:33 IST" name="checkproductavailability" finished-at="2024-12-29T11:33:35 IST" duration-ms="1692" status="PASS">
          <reporter-output>
          </reporter-output>
        </test-method> <!-- checkproductavailability -->
        <test-method is-config="true" signature="teardown()[pri:0, instance:com.mystore.testcases.productavailabiltyTest@2aceadd4]" started-at="2024-12-29T11:33:35 IST" name="teardown" finished-at="2024-12-29T11:33:36 IST" duration-ms="773" status="PASS">
          <reporter-output>
          </reporter-output>
        </test-method> <!-- teardown -->
      </class> <!-- com.mystore.testcases.productavailabiltyTest -->
      <class name="com.mystore.testcases.HomePageTest">
        <test-method is-config="true" signature="setup(java.lang.String)[pri:0, instance:com.mystore.testcases.HomePageTest@279fedbd]" started-at="2024-12-29T11:34:40 IST" name="setup" finished-at="2024-12-29T11:34:47 IST" duration-ms="6672" status="PASS">
          <params>
            <param index="0">
              <value>
                <![CDATA[Chrome]]>
              </value>
            </param>
          </params>
          <reporter-output>
          </reporter-output>
        </test-method> <!-- setup -->
        <test-method signature="verifyOrderHistory()[pri:0, instance:com.mystore.testcases.HomePageTest@279fedbd]" started-at="2024-12-29T11:34:47 IST" name="verifyOrderHistory" finished-at="2024-12-29T11:34:49 IST" duration-ms="2439" status="PASS">
          <reporter-output>
          </reporter-output>
        </test-method> <!-- verifyOrderHistory -->
        <test-method is-config="true" signature="teardown()[pri:0, instance:com.mystore.testcases.HomePageTest@279fedbd]" started-at="2024-12-29T11:34:49 IST" name="teardown" finished-at="2024-12-29T11:34:50 IST" duration-ms="690" status="PASS">
          <reporter-output>
          </reporter-output>
        </test-method> <!-- teardown -->
      </class> <!-- com.mystore.testcases.HomePageTest -->
      <class name="com.mystore.testcases.LoginPageTest">
        <test-method is-config="true" signature="loadConfig()[pri:0, instance:com.mystore.testcases.LoginPageTest@55fe41ea]" started-at="2024-12-29T11:32:49 IST" name="loadConfig" finished-at="2024-12-29T11:32:50 IST" duration-ms="338" status="PASS">
          <reporter-output>
          </reporter-output>
        </test-method> <!-- loadConfig -->
        <test-method is-config="true" signature="setup(java.lang.String)[pri:0, instance:com.mystore.testcases.LoginPageTest@55fe41ea]" started-at="2024-12-29T11:32:50 IST" name="setup" finished-at="2024-12-29T11:33:02 IST" duration-ms="12106" status="PASS">
          <params>
            <param index="0">
              <value>
                <![CDATA[Chrome]]>
              </value>
            </param>
          </params>
          <reporter-output>
          </reporter-output>
        </test-method> <!-- setup -->
        <test-method signature="loginTest(java.lang.String,java.lang.String)[pri:0, instance:com.mystore.testcases.LoginPageTest@55fe41ea]" started-at="2024-12-29T11:33:02 IST" name="loginTest" data-provider="Credentials1" finished-at="2024-12-29T11:33:05 IST" duration-ms="2745" status="PASS">
          <params>
            <param index="0">
              <value>
                <![CDATA[monamisanyal1@gmail.com]]>
              </value>
            </param>
            <param index="1">
              <value>
                <![CDATA[Mimiboby@4]]>
              </value>
            </param>
          </params>
          <reporter-output>
          </reporter-output>
        </test-method> <!-- loginTest -->
        <test-method is-config="true" signature="teardown()[pri:0, instance:com.mystore.testcases.LoginPageTest@55fe41ea]" started-at="2024-12-29T11:33:05 IST" name="teardown" finished-at="2024-12-29T11:33:06 IST" duration-ms="709" status="PASS">
          <reporter-output>
          </reporter-output>
        </test-method> <!-- teardown -->
        <test-method is-config="true" signature="setup(java.lang.String)[pri:0, instance:com.mystore.testcases.LoginPageTest@55fe41ea]" started-at="2024-12-29T11:33:06 IST" name="setup" finished-at="2024-12-29T11:33:13 IST" duration-ms="6801" status="PASS">
          <params>
            <param index="0">
              <value>
                <![CDATA[Chrome]]>
              </value>
            </param>
          </params>
          <reporter-output>
          </reporter-output>
        </test-method> <!-- setup -->
        <test-method signature="loginTest(java.lang.String,java.lang.String)[pri:0, instance:com.mystore.testcases.LoginPageTest@55fe41ea]" started-at="2024-12-29T11:33:13 IST" name="loginTest" data-provider="Credentials1" finished-at="2024-12-29T11:33:15 IST" duration-ms="2778" status="PASS">
          <params>
            <param index="0">
              <value>
                <![CDATA[monamisanyal@gmail.com]]>
              </value>
            </param>
            <param index="1">
              <value>
                <![CDATA[Mimiboby@4]]>
              </value>
            </param>
          </params>
          <reporter-output>
          </reporter-output>
        </test-method> <!-- loginTest -->
        <test-method is-config="true" signature="teardown()[pri:0, instance:com.mystore.testcases.LoginPageTest@55fe41ea]" started-at="2024-12-29T11:33:15 IST" name="teardown" finished-at="2024-12-29T11:33:16 IST" duration-ms="744" status="PASS">
          <reporter-output>
          </reporter-output>
        </test-method> <!-- teardown -->
        <test-method is-config="true" signature="setup(java.lang.String)[pri:0, instance:com.mystore.testcases.LoginPageTest@55fe41ea]" started-at="2024-12-29T11:33:16 IST" name="setup" finished-at="2024-12-29T11:33:23 IST" duration-ms="7125" status="PASS">
          <params>
            <param index="0">
              <value>
                <![CDATA[Chrome]]>
              </value>
            </param>
          </params>
          <reporter-output>
          </reporter-output>
        </test-method> <!-- setup -->
        <test-method signature="loginTest(java.lang.String,java.lang.String)[pri:0, instance:com.mystore.testcases.LoginPageTest@55fe41ea]" started-at="2024-12-29T11:33:23 IST" name="loginTest" data-provider="Credentials1" finished-at="2024-12-29T11:33:25 IST" duration-ms="2086" status="FAIL">
          <params>
            <param index="0">
              <value>
                <![CDATA[mk@qa.om]]>
              </value>
            </param>
            <param index="1">
              <value>
                <![CDATA[Mimiboby@4]]>
              </value>
            </param>
          </params>
          <exception class="java.lang.AssertionError">
            <message>
              <![CDATA[expected [http://www.automationpractice.pl/index.php?controller=my-account] but found [http://www.automationpractice.pl/index.php?controller=authentication]]]>
            </message>
            <full-stacktrace>
              <![CDATA[java.lang.AssertionError: expected [http://www.automationpractice.pl/index.php?controller=my-account] but found [http://www.automationpractice.pl/index.php?controller=authentication]
at org.testng.Assert.fail(Assert.java:111)
at org.testng.Assert.failNotEquals(Assert.java:1578)
at org.testng.Assert.assertEqualsImpl(Assert.java:150)
at org.testng.Assert.assertEquals(Assert.java:132)
at org.testng.Assert.assertEquals(Assert.java:656)
at org.testng.Assert.assertEquals(Assert.java:666)
at com.mystore.testcases.LoginPageTest.loginTest(LoginPageTest.java:49)
at java.base/jdk.internal.reflect.DirectMethodHandleAccessor.invoke(DirectMethodHandleAccessor.java:104)
at java.base/java.lang.reflect.Method.invoke(Method.java:578)
at org.testng.internal.invokers.MethodInvocationHelper.invokeMethod(MethodInvocationHelper.java:141)
at org.testng.internal.invokers.TestInvoker.invokeMethod(TestInvoker.java:686)
at org.testng.internal.invokers.TestInvoker.invokeTestMethod(TestInvoker.java:230)
at org.testng.internal.invokers.MethodRunner.runInSequence(MethodRunner.java:63)
at org.testng.internal.invokers.TestInvoker$MethodInvocationAgent.invoke(TestInvoker.java:992)
at org.testng.internal.invokers.TestInvoker.invokeTestMethods(TestInvoker.java:203)
at org.testng.internal.invokers.TestMethodWorker.invokeTestMethods(TestMethodWorker.java:154)
at org.testng.internal.invokers.TestMethodWorker.run(TestMethodWorker.java:134)
at java.base/java.util.ArrayList.forEach(ArrayList.java:1511)
at org.testng.TestRunner.privateRun(TestRunner.java:739)
at org.testng.TestRunner.run(TestRunner.java:614)
at org.testng.SuiteRunner.runTest(SuiteRunner.java:421)
at org.testng.SuiteRunner.runSequentially(SuiteRunner.java:413)
at org.testng.SuiteRunner.privateRun(SuiteRunner.java:373)
at org.testng.SuiteRunner.run(SuiteRunner.java:312)
at org.testng.SuiteRunnerWorker.runSuite(SuiteRunnerWorker.java:52)
at org.testng.SuiteRunnerWorker.run(SuiteRunnerWorker.java:95)
at org.testng.TestNG.runSuitesSequentially(TestNG.java:1274)
at org.testng.TestNG.runSuitesLocally(TestNG.java:1208)
at org.testng.TestNG.runSuites(TestNG.java:1112)
at org.testng.TestNG.run(TestNG.java:1079)
at org.testng.remote.AbstractRemoteTestNG.run(AbstractRemoteTestNG.java:115)
at org.testng.remote.RemoteTestNG.initAndRun(RemoteTestNG.java:293)
at org.testng.remote.RemoteTestNG.main(RemoteTestNG.java:91)
]]>
            </full-stacktrace>
          </exception> <!-- java.lang.AssertionError -->
          <reporter-output>
          </reporter-output>
        </test-method> <!-- loginTest -->
        <test-method is-config="true" signature="teardown()[pri:0, instance:com.mystore.testcases.LoginPageTest@55fe41ea]" started-at="2024-12-29T11:33:26 IST" name="teardown" finished-at="2024-12-29T11:33:26 IST" duration-ms="905" status="PASS">
          <reporter-output>
          </reporter-output>
        </test-method> <!-- teardown -->
        <test-method is-config="true" signature="AfterSuite()[pri:0, instance:com.mystore.testcases.LoginPageTest@55fe41ea]" started-at="2024-12-29T11:35:02 IST" name="AfterSuite" finished-at="2024-12-29T11:35:02 IST" duration-ms="478" status="PASS">
          <reporter-output>
          </reporter-output>
        </test-method> <!-- AfterSuite -->
      </class> <!-- com.mystore.testcases.LoginPageTest -->
      <class name="com.mystore.testcases.addtocartTest">
        <test-method is-config="true" signature="setup(java.lang.String)[pri:0, instance:com.mystore.testcases.addtocartTest@b3ca52e]" started-at="2024-12-29T11:34:50 IST" name="setup" finished-at="2024-12-29T11:34:57 IST" duration-ms="7217" status="PASS">
          <params>
            <param index="0">
              <value>
                <![CDATA[Chrome]]>
              </value>
            </param>
          </params>
          <reporter-output>
          </reporter-output>
        </test-method> <!-- setup -->
        <test-method signature="checkitemaddedincart()[pri:0, instance:com.mystore.testcases.addtocartTest@b3ca52e]" started-at="2024-12-29T11:34:57 IST" name="checkitemaddedincart" finished-at="2024-12-29T11:35:01 IST" duration-ms="3960" status="PASS">
          <reporter-output>
          </reporter-output>
        </test-method> <!-- checkitemaddedincart -->
        <test-method is-config="true" signature="teardown()[pri:0, instance:com.mystore.testcases.addtocartTest@b3ca52e]" started-at="2024-12-29T11:35:01 IST" name="teardown" finished-at="2024-12-29T11:35:02 IST" duration-ms="765" status="PASS">
          <reporter-output>
          </reporter-output>
        </test-method> <!-- teardown -->
      </class> <!-- com.mystore.testcases.addtocartTest -->
    </test> <!-- Test -->
  </suite> <!-- Suite -->
</testng-results>
